[01m[K/home/heron/percheron_ws/src/percheron_cpp_examples/src/simple_parameter.cpp:7:12:[m[K [01;31m[Kerror: [m[Kâ€˜[01m[Kstd::placeholder[m[Kâ€™ has not been declared
    7 | using std::[01;31m[Kplaceholder[m[K::_1
      |            [01;31m[K^~~~~~~~~~~[m[K
[01m[K/home/heron/percheron_ws/src/percheron_cpp_examples/src/simple_parameter.cpp:7:27:[m[K [01;31m[Kerror: [m[Kexpected â€˜[01m[K;[m[Kâ€™ before â€˜[01m[Kclass[m[Kâ€™
    7 | using std::placeholder::_1
      |                           [01;31m[K^[m[K
      |                           [32m[K;[m[K
    8 | 
    9 | [32m[Kclass[m[K SimpleParameter : public rclcpp::Node
      | [32m[K~~~~~[m[K                      
[01m[K/home/heron/percheron_ws/src/percheron_cpp_examples/src/simple_parameter.cpp:44:2:[m[K [01;31m[Kerror: [m[Kexpected â€˜[01m[K;[m[Kâ€™ after class definition
   44 | }
      |  [01;31m[K^[m[K
      |  [32m[K;[m[K
[01m[K/home/heron/percheron_ws/src/percheron_cpp_examples/src/simple_parameter.cpp:[m[K In constructor â€˜[01m[KSimpleParameter::SimpleParameter()[m[Kâ€™:
[01m[K/home/heron/percheron_ws/src/percheron_cpp_examples/src/simple_parameter.cpp:17:120:[m[K [01;31m[Kerror: [m[Kâ€˜[01m[K_1[m[Kâ€™ was not declared in this scope; did you mean â€˜[01m[Kstd::placeholders::_1[m[Kâ€™?
   17 |         param_callback_handle_ = add_on_set_parameters_callback(std::bind(&SimpleParameter::paramChangeCallback, this, [01;31m[K_1[m[K));
      |                                                                                                                        [01;31m[K^~[m[K
      |                                                                                                                        [32m[Kstd::placeholders::_1[m[K
In file included from [01m[K/usr/include/c++/11/pstl/glue_algorithm_defs.h:13[m[K,
                 from [01m[K/usr/include/c++/11/algorithm:74[m[K,
                 from [01m[K/opt/ros/iron/include/rclcpp/rclcpp/executor.hpp:18[m[K,
                 from [01m[K/opt/ros/iron/include/rclcpp/rclcpp/executors/multi_threaded_executor.hpp:25[m[K,
                 from [01m[K/opt/ros/iron/include/rclcpp/rclcpp/executors.hpp:21[m[K,
                 from [01m[K/opt/ros/iron/include/rclcpp/rclcpp/rclcpp.hpp:167[m[K,
                 from [01m[K/home/heron/percheron_ws/src/percheron_cpp_examples/src/simple_parameter.cpp:1[m[K:
[01m[K/usr/include/c++/11/functional:225:34:[m[K [01;36m[Knote: [m[Kâ€˜[01m[Kstd::placeholders::_1[m[Kâ€™ declared here
  225 |     extern const _Placeholder<1> [01;36m[K_1[m[K;
      |                                  [01;36m[K^~[m[K
gmake[2]: *** [CMakeFiles/simple_parameter.dir/build.make:76: CMakeFiles/simple_parameter.dir/src/simple_parameter.cpp.o] Error 1
gmake[1]: *** [CMakeFiles/Makefile2:193: CMakeFiles/simple_parameter.dir/all] Error 2
gmake: *** [Makefile:146: all] Error 2
