[0.059s] Invoking command in '/home/heron/percheron_ws/build/percheron_cpp_examples': CMAKE_PREFIX_PATH=${CMAKE_PREFIX_PATH}:/home/heron/clydesdale_ws/install/serial_motor_demo:/home/heron/clydesdale_ws/install/joy_tester:/opt/ros/iron /usr/bin/cmake --build /home/heron/percheron_ws/build/percheron_cpp_examples -- -j4 -l4
[0.129s] -- Found ament_cmake: 2.0.6 (/opt/ros/iron/share/ament_cmake/cmake)
[0.637s] -- Found rclcpp: 21.0.7 (/opt/ros/iron/share/rclcpp/cmake)
[0.733s] -- Found rosidl_generator_c: 4.0.1 (/opt/ros/iron/share/rosidl_generator_c/cmake)
[0.769s] -- Found rosidl_generator_cpp: 4.0.1 (/opt/ros/iron/share/rosidl_generator_cpp/cmake)
[0.826s] -- Using all available rosidl_typesupport_c: rosidl_typesupport_fastrtps_c;rosidl_typesupport_introspection_c
[0.907s] -- Using all available rosidl_typesupport_cpp: rosidl_typesupport_fastrtps_cpp;rosidl_typesupport_introspection_cpp
[1.654s] -- Found rmw_implementation_cmake: 7.1.0 (/opt/ros/iron/share/rmw_implementation_cmake/cmake)
[1.659s] -- Found rmw_fastrtps_cpp: 7.1.4 (/opt/ros/iron/share/rmw_fastrtps_cpp/cmake)
[2.061s] -- Using RMW implementation 'rmw_fastrtps_cpp' as default
[2.811s] -- Found std_msgs: 5.0.1 (/opt/ros/iron/share/std_msgs/cmake)
[3.362s] -- Configuring done
[4.101s] -- Generating done
[4.112s] -- Build files have been written to: /home/heron/percheron_ws/build/percheron_cpp_examples
[4.235s] [35m[1mConsolidate compiler generated dependencies of target simple_publisher[0m
[4.315s] [ 33%] Built target simple_publisher
[4.379s] [ 50%] [32mBuilding CXX object CMakeFiles/simple_parameter.dir/src/simple_parameter.cpp.o[0m
[14.929s] [01m[K/home/heron/percheron_ws/src/percheron_cpp_examples/src/simple_parameter.cpp:7:12:[m[K [01;31m[Kerror: [m[Kâ€˜[01m[Kstd::placeholder[m[Kâ€™ has not been declared
[14.929s]     7 | using std::[01;31m[Kplaceholder[m[K::_1
[14.930s]       |            [01;31m[K^~~~~~~~~~~[m[K
[14.930s] [01m[K/home/heron/percheron_ws/src/percheron_cpp_examples/src/simple_parameter.cpp:7:27:[m[K [01;31m[Kerror: [m[Kexpected â€˜[01m[K;[m[Kâ€™ before â€˜[01m[Kclass[m[Kâ€™
[14.930s]     7 | using std::placeholder::_1
[14.931s]       |                           [01;31m[K^[m[K
[14.931s]       |                           [32m[K;[m[K
[14.931s]     8 | 
[14.931s]     9 | [32m[Kclass[m[K SimpleParameter : public rclcpp::Node
[14.932s]       | [32m[K~~~~~[m[K                      
[14.932s] [01m[K/home/heron/percheron_ws/src/percheron_cpp_examples/src/simple_parameter.cpp:44:2:[m[K [01;31m[Kerror: [m[Kexpected â€˜[01m[K;[m[Kâ€™ after class definition
[14.932s]    44 | }
[14.933s]       |  [01;31m[K^[m[K
[14.933s]       |  [32m[K;[m[K
[14.941s] [01m[K/home/heron/percheron_ws/src/percheron_cpp_examples/src/simple_parameter.cpp:[m[K In constructor â€˜[01m[KSimpleParameter::SimpleParameter()[m[Kâ€™:
[14.942s] [01m[K/home/heron/percheron_ws/src/percheron_cpp_examples/src/simple_parameter.cpp:17:120:[m[K [01;31m[Kerror: [m[Kâ€˜[01m[K_1[m[Kâ€™ was not declared in this scope; did you mean â€˜[01m[Kstd::placeholders::_1[m[Kâ€™?
[14.942s]    17 |         param_callback_handle_ = add_on_set_parameters_callback(std::bind(&SimpleParameter::paramChangeCallback, this, [01;31m[K_1[m[K));
[14.942s]       |                                                                                                                        [01;31m[K^~[m[K
[14.942s]       |                                                                                                                        [32m[Kstd::placeholders::_1[m[K
[14.943s] In file included from [01m[K/usr/include/c++/11/pstl/glue_algorithm_defs.h:13[m[K,
[14.943s]                  from [01m[K/usr/include/c++/11/algorithm:74[m[K,
[14.943s]                  from [01m[K/opt/ros/iron/include/rclcpp/rclcpp/executor.hpp:18[m[K,
[14.944s]                  from [01m[K/opt/ros/iron/include/rclcpp/rclcpp/executors/multi_threaded_executor.hpp:25[m[K,
[14.944s]                  from [01m[K/opt/ros/iron/include/rclcpp/rclcpp/executors.hpp:21[m[K,
[14.944s]                  from [01m[K/opt/ros/iron/include/rclcpp/rclcpp/rclcpp.hpp:167[m[K,
[14.945s]                  from [01m[K/home/heron/percheron_ws/src/percheron_cpp_examples/src/simple_parameter.cpp:1[m[K:
[14.945s] [01m[K/usr/include/c++/11/functional:225:34:[m[K [01;36m[Knote: [m[Kâ€˜[01m[Kstd::placeholders::_1[m[Kâ€™ declared here
[14.945s]   225 |     extern const _Placeholder<1> [01;36m[K_1[m[K;
[14.945s]       |                                  [01;36m[K^~[m[K
[16.804s] gmake[2]: *** [CMakeFiles/simple_parameter.dir/build.make:76: CMakeFiles/simple_parameter.dir/src/simple_parameter.cpp.o] Error 1
[16.805s] gmake[1]: *** [CMakeFiles/Makefile2:193: CMakeFiles/simple_parameter.dir/all] Error 2
[16.805s] gmake: *** [Makefile:146: all] Error 2
[16.813s] Invoked command in '/home/heron/percheron_ws/build/percheron_cpp_examples' returned '2': CMAKE_PREFIX_PATH=${CMAKE_PREFIX_PATH}:/home/heron/clydesdale_ws/install/serial_motor_demo:/home/heron/clydesdale_ws/install/joy_tester:/opt/ros/iron /usr/bin/cmake --build /home/heron/percheron_ws/build/percheron_cpp_examples -- -j4 -l4
